<?xml version="1.0" encoding="UTF-8"?>
<!-- Generated by org.testng.reporters.JUnitXMLReporter -->
<testsuite hostname="DESKTOP-7MOHEMN" ignored="0" name="Test" tests="3" failures="1" timestamp="24 Feb 2018 11:10:14 GMT" time="30.617" errors="0">
  <testcase name="testVerifyActitimeVersion" time="3.637" classname="scripts.VerifyActitimeVersion"/>
  <testcase name="testInvalidLogin" time="8.753" classname="scripts.InvalidLogin">
    <failure type="java.lang.AssertionError" message="null">
      <![CDATA[java.lang.AssertionError: null
	at scripts.InvalidLogin.testInvalidLogin(InvalidLogin.java:29)
... Removed 27 stack frames]]>
    </failure>
  </testcase> <!-- testInvalidLogin -->
  <testcase name="testValidLoginLogout" time="3.013" classname="scripts.ValidLoginLogout"/>
</testsuite> <!-- Test -->
