<?xml version="1.0" encoding="UTF-8"?>
<testng-results skipped="0" failed="0" ignored="0" total="1" passed="1">
  <reporter-output>
    <line>
      <![CDATA[element is present]]>
    </line>
  </reporter-output>
  <suite name="Failed suite [Failed suite [Suite]]" duration-ms="15798" started-at="2018-02-24T11:12:24Z" finished-at="2018-02-24T11:12:40Z">
    <groups>
    </groups>
    <test name="Test(failed)(failed)" duration-ms="15798" started-at="2018-02-24T11:12:24Z" finished-at="2018-02-24T11:12:40Z">
      <class name="scripts.InvalidLogin">
        <test-method status="PASS" signature="OpenAppln()[pri:0, instance:scripts.InvalidLogin@3fee9989]" name="OpenAppln" is-config="true" duration-ms="5606" started-at="2018-02-24T16:42:24Z" finished-at="2018-02-24T16:42:30Z">
          <reporter-output>
          </reporter-output>
        </test-method> <!-- OpenAppln -->
        <test-method status="PASS" signature="testInvalidLogin()[pri:0, instance:scripts.InvalidLogin@3fee9989]" name="testInvalidLogin" duration-ms="9513" started-at="2018-02-24T16:42:30Z" finished-at="2018-02-24T16:42:39Z">
          <reporter-output>
            <line>
              <![CDATA[element is present]]>
            </line>
          </reporter-output>
        </test-method> <!-- testInvalidLogin -->
        <test-method status="PASS" signature="Closeappln()[pri:0, instance:scripts.InvalidLogin@3fee9989]" name="Closeappln" is-config="true" duration-ms="657" started-at="2018-02-24T16:42:39Z" finished-at="2018-02-24T16:42:40Z">
          <reporter-output>
          </reporter-output>
        </test-method> <!-- Closeappln -->
      </class> <!-- scripts.InvalidLogin -->
    </test> <!-- Test(failed)(failed) -->
  </suite> <!-- Failed suite [Failed suite [Suite]] -->
</testng-results>
