<?xml version="1.0" encoding="UTF-8"?>
<!-- Generated by org.testng.reporters.JUnitXMLReporter -->
<testsuite hostname="DESKTOP-7MOHEMN" ignored="0" name="Test(failed)" tests="1" failures="1" timestamp="24 Feb 2018 11:11:11 GMT" time="15.641" errors="0">
  <testcase name="testInvalidLogin" time="9.403" classname="scripts.InvalidLogin">
    <failure type="java.lang.AssertionError" message="null">
      <![CDATA[java.lang.AssertionError: null
	at scripts.InvalidLogin.testInvalidLogin(InvalidLogin.java:29)
... Removed 27 stack frames]]>
    </failure>
  </testcase> <!-- testInvalidLogin -->
</testsuite> <!-- Test(failed) -->
